<?xml version="1.0" encoding="UTF-8"?>
<!-- Generated by org.testng.reporters.JUnitReportReporter -->
<testsuite hostname="DESKTOP-V6E6QIF" failures="0" tests="3" name="testCases.TC01_LaunchApplication" time="2.100" errors="0" timestamp="2025-05-17T20:22:14 EDT" skipped="0">
  <testcase classname="testCases.TC01_LaunchApplication" name="testLaunchApplication" time="2.037"/>
  <testcase classname="testCases.TC01_LaunchApplication" name="testLaunchApplication" time="0.038"/>
  <testcase classname="testCases.TC01_LaunchApplication" name="testLaunchApplication" time="0.025"/>
</testsuite> <!-- testCases.TC01_LaunchApplication -->
