<?xml version="1.0" encoding="UTF-8"?>
<!-- Generated by org.testng.reporters.JUnitReportReporter -->
<testsuite hostname="DESKTOP-V6E6QIF" failures="0" tests="15" name="testCases.TC02_Login" time="42.825" errors="0" timestamp="2025-05-17T20:22:14 EDT" skipped="0">
  <testcase classname="testCases.TC02_Login" name="testLogin" time="3.888"/>
  <testcase classname="testCases.TC02_Login" name="testLogin" time="2.870"/>
  <testcase classname="testCases.TC02_Login" name="testLogin" time="2.601"/>
  <testcase classname="testCases.TC02_Login" name="testLogin" time="2.824"/>
  <testcase classname="testCases.TC02_Login" name="testLogin" time="2.841"/>
  <testcase classname="testCases.TC02_Login" name="testLogin" time="3.994"/>
  <testcase classname="testCases.TC02_Login" name="testLogin" time="3.987"/>
  <testcase classname="testCases.TC02_Login" name="testLogin" time="2.150"/>
  <testcase classname="testCases.TC02_Login" name="testLogin" time="2.184"/>
  <testcase classname="testCases.TC02_Login" name="testLogin" time="2.124"/>
  <testcase classname="testCases.TC02_Login" name="testLogin" time="2.429"/>
  <testcase classname="testCases.TC02_Login" name="testLogin" time="3.084"/>
  <testcase classname="testCases.TC02_Login" name="testLogin" time="1.781"/>
  <testcase classname="testCases.TC02_Login" name="testLogin" time="2.906"/>
  <testcase classname="testCases.TC02_Login" name="testLogin" time="3.162"/>
</testsuite> <!-- testCases.TC02_Login -->
