<?xml version="1.0" encoding="UTF-8"?>
<!-- Generated by org.testng.reporters.JUnitReportReporter -->
<testsuite hostname="DESKTOP-V6E6QIF" failures="0" tests="10" name="testCases.TC02_Login" time="33.478" errors="0" timestamp="2025-05-21T16:21:05 EDT" skipped="0">
  <testcase classname="testCases.TC02_Login" name="testLogin" time="4.132"/>
  <testcase classname="testCases.TC02_Login" name="testLogin" time="3.262"/>
  <testcase classname="testCases.TC02_Login" name="testLogin" time="3.218"/>
  <testcase classname="testCases.TC02_Login" name="testLogin" time="4.123"/>
  <testcase classname="testCases.TC02_Login" name="testLogin" time="3.033"/>
  <testcase classname="testCases.TC02_Login" name="testLogin" time="2.666"/>
  <testcase classname="testCases.TC02_Login" name="testLogin" time="3.104"/>
  <testcase classname="testCases.TC02_Login" name="testLogin" time="2.576"/>
  <testcase classname="testCases.TC02_Login" name="testLogin" time="2.706"/>
  <testcase classname="testCases.TC02_Login" name="testLogin" time="4.658"/>
</testsuite> <!-- testCases.TC02_Login -->
