<?xml version="1.0" encoding="UTF-8"?>
<!-- Generated by org.testng.reporters.JUnitReportReporter -->
<testsuite hostname="DESKTOP-V6E6QIF" failures="0" tests="2" name="testCases.TC01_LaunchApplication" time="0.557" errors="0" timestamp="2025-05-21T16:21:05 EDT" skipped="0">
  <testcase classname="testCases.TC01_LaunchApplication" name="testLaunchApplication" time="0.206"/>
  <testcase classname="testCases.TC01_LaunchApplication" name="testLaunchApplication" time="0.351"/>
</testsuite> <!-- testCases.TC01_LaunchApplication -->
